[    11.754] (--) Log file renamed from "/home/agepan/.local/share/xorg/Xorg.pid-1357.log" to "/home/agepan/.local/share/xorg/Xorg.0.log"
[    11.754] 
X.Org X Server 1.20.4
X Protocol Version 11, Revision 0
[    11.754] Build Operating System: Linux 4.4.0-148-generic x86_64 Ubuntu
[    11.754] Current Operating System: Linux agepan-ThinkPad-X1-Carbon-3rd 5.0.0-36-generic #39~18.04.1-Ubuntu SMP Tue Nov 12 11:09:50 UTC 2019 x86_64
[    11.754] Kernel command line: BOOT_IMAGE=/boot/vmlinuz-5.0.0-36-generic root=UUID=5b0fe92a-35e8-4cfb-aeb1-76140d60188e ro quiet splash vt.handoff=1
[    11.754] Build Date: 02 May 2019  08:06:54AM
[    11.754] xorg-server-hwe-18.04 2:1.20.4-1ubuntu3~18.04.1 (For technical support please see http://www.ubuntu.com/support) 
[    11.754] Current version of pixman: 0.34.0
[    11.754] 	Before reporting problems, check http://wiki.x.org
	to make sure that you have the latest version.
[    11.754] Markers: (--) probed, (**) from config file, (==) default setting,
	(++) from command line, (!!) notice, (II) informational,
	(WW) warning, (EE) error, (NI) not implemented, (??) unknown.
[    11.754] (==) Log file: "/home/agepan/.local/share/xorg/Xorg.0.log", Time: Tue Dec  3 15:57:06 2019
[    11.754] (==) Using system config directory "/usr/share/X11/xorg.conf.d"
[    11.754] (==) No Layout section.  Using the first Screen section.
[    11.755] (==) No screen section available. Using defaults.
[    11.755] (**) |-->Screen "Default Screen Section" (0)
[    11.755] (**) |   |-->Monitor "<default monitor>"
[    11.755] (==) No monitor specified for screen "Default Screen Section".
	Using a default monitor configuration.
[    11.755] (==) Automatically adding devices
[    11.755] (==) Automatically enabling devices
[    11.755] (==) Automatically adding GPU devices
[    11.755] (==) Automatically binding GPU devices
[    11.755] (==) Max clients allowed: 256, resource mask: 0x1fffff
[    11.755] (WW) The directory "/usr/share/fonts/X11/cyrillic" does not exist.
[    11.755] 	Entry deleted from font path.
[    11.755] (WW) The directory "/usr/share/fonts/X11/100dpi/" does not exist.
[    11.755] 	Entry deleted from font path.
[    11.755] (WW) The directory "/usr/share/fonts/X11/75dpi/" does not exist.
[    11.755] 	Entry deleted from font path.
[    11.755] (WW) The directory "/usr/share/fonts/X11/100dpi" does not exist.
[    11.755] 	Entry deleted from font path.
[    11.755] (WW) The directory "/usr/share/fonts/X11/75dpi" does not exist.
[    11.755] 	Entry deleted from font path.
[    11.755] (==) FontPath set to:
	/usr/share/fonts/X11/misc,
	/usr/share/fonts/X11/Type1,
	built-ins
[    11.755] (==) ModulePath set to "/usr/lib/xorg/modules"
[    11.755] (II) The server relies on udev to provide the list of input devices.
	If no devices become available, reconfigure udev or disable AutoAddDevices.
[    11.755] (II) Loader magic: 0x563abd1f4020
[    11.755] (II) Module ABI versions:
[    11.755] 	X.Org ANSI C Emulation: 0.4
[    11.755] 	X.Org Video Driver: 24.0
[    11.755] 	X.Org XInput driver : 24.1
[    11.755] 	X.Org Server Extension : 10.0
[    11.756] (++) using VT number 2

[    11.758] (II) systemd-logind: took control of session /org/freedesktop/login1/session/_32
[    11.759] (II) xfree86: Adding drm device (/dev/dri/card0)
[    11.759] (II) systemd-logind: got fd for /dev/dri/card0 226:0 fd 12 paused 0
[    11.760] (--) PCI:*(0@0:2:0) 8086:1616:17aa:2227 rev 9, Mem @ 0xf0000000/16777216, 0xe0000000/268435456, I/O @ 0x00003000/64, BIOS @ 0x????????/131072
[    11.761] (II) LoadModule: "glx"
[    11.761] (II) Loading /usr/lib/xorg/modules/extensions/libglx.so
[    11.761] (II) Module glx: vendor="X.Org Foundation"
[    11.761] 	compiled for 1.20.4, module version = 1.0.0
[    11.761] 	ABI class: X.Org Server Extension, version 10.0
[    11.761] (==) Matched modesetting as autoconfigured driver 0
[    11.761] (==) Matched fbdev as autoconfigured driver 1
[    11.761] (==) Matched vesa as autoconfigured driver 2
[    11.761] (==) Assigned the driver to the xf86ConfigLayout
[    11.761] (II) LoadModule: "modesetting"
[    11.761] (II) Loading /usr/lib/xorg/modules/drivers/modesetting_drv.so
[    11.761] (II) Module modesetting: vendor="X.Org Foundation"
[    11.761] 	compiled for 1.20.4, module version = 1.20.4
[    11.762] 	Module class: X.Org Video Driver
[    11.762] 	ABI class: X.Org Video Driver, version 24.0
[    11.762] (II) LoadModule: "fbdev"
[    11.762] (II) Loading /usr/lib/xorg/modules/drivers/fbdev_drv.so
[    11.762] (II) Module fbdev: vendor="X.Org Foundation"
[    11.762] 	compiled for 1.20.1, module version = 0.5.0
[    11.762] 	Module class: X.Org Video Driver
[    11.762] 	ABI class: X.Org Video Driver, version 24.0
[    11.762] (II) LoadModule: "vesa"
[    11.762] (II) Loading /usr/lib/xorg/modules/drivers/vesa_drv.so
[    11.762] (II) Module vesa: vendor="X.Org Foundation"
[    11.762] 	compiled for 1.20.1, module version = 2.4.0
[    11.762] 	Module class: X.Org Video Driver
[    11.762] 	ABI class: X.Org Video Driver, version 24.0
[    11.762] (II) modesetting: Driver for Modesetting Kernel Drivers: kms
[    11.762] (II) FBDEV: driver for framebuffer: fbdev
[    11.762] (II) VESA: driver for VESA chipsets: vesa
[    11.762] xf86EnableIOPorts: failed to set IOPL for I/O (Operation not permitted)
[    11.762] (II) modeset(0): using drv /dev/dri/card0
[    11.762] (WW) Falling back to old probe method for fbdev
[    11.762] (II) Loading sub module "fbdevhw"
[    11.762] (II) LoadModule: "fbdevhw"
[    11.762] (II) Loading /usr/lib/xorg/modules/libfbdevhw.so
[    11.762] (II) Module fbdevhw: vendor="X.Org Foundation"
[    11.762] 	compiled for 1.20.4, module version = 0.0.2
[    11.762] 	ABI class: X.Org Video Driver, version 24.0
[    11.762] (EE) open /dev/fb0: Permission denied
[    11.762] (WW) VGA arbiter: cannot open kernel arbiter, no multi-card support
[    11.762] (II) modeset(0): Creating default Display subsection in Screen section
	"Default Screen Section" for depth/fbbpp 24/32
[    11.762] (==) modeset(0): Depth 24, (==) framebuffer bpp 32
[    11.762] (==) modeset(0): RGB weight 888
[    11.762] (==) modeset(0): Default visual is TrueColor
[    11.762] (II) Loading sub module "glamoregl"
[    11.762] (II) LoadModule: "glamoregl"
[    11.762] (II) Loading /usr/lib/xorg/modules/libglamoregl.so
[    11.766] (II) Module glamoregl: vendor="X.Org Foundation"
[    11.766] 	compiled for 1.20.4, module version = 1.0.1
[    11.766] 	ABI class: X.Org ANSI C Emulation, version 0.4
[    11.777] (II) modeset(0): glamor X acceleration enabled on Mesa DRI Intel(R) HD Graphics 5500 (Broadwell GT2) 
[    11.777] (II) modeset(0): glamor initialized
[    11.779] (II) modeset(0): Output eDP-1 has no monitor section
[    11.779] (II) modeset(0): Output DP-1 has no monitor section
[    11.780] (II) modeset(0): Output HDMI-1 has no monitor section
[    11.780] (II) modeset(0): Output DP-2 has no monitor section
[    11.781] (II) modeset(0): Output HDMI-2 has no monitor section
[    11.796] (II) modeset(0): EDID for output eDP-1
[    11.796] (II) modeset(0): Manufacturer: AUO  Model: 123d  Serial#: 0
[    11.796] (II) modeset(0): Year: 2014  Week: 0
[    11.796] (II) modeset(0): EDID Version: 1.4
[    11.796] (II) modeset(0): Digital Display Input
[    11.796] (II) modeset(0): 6 bits per channel
[    11.796] (II) modeset(0): Digital interface is DisplayPort
[    11.796] (II) modeset(0): Max Image Size [cm]: horiz.: 31  vert.: 17
[    11.796] (II) modeset(0): Gamma: 2.20
[    11.796] (II) modeset(0): No DPMS capabilities specified
[    11.796] (II) modeset(0): Supported color encodings: RGB 4:4:4 
[    11.796] (II) modeset(0): First detailed timing is preferred mode
[    11.796] (II) modeset(0): Preferred mode is native pixel format and refresh rate
[    11.796] (II) modeset(0): redX: 0.620 redY: 0.350   greenX: 0.320 greenY: 0.600
[    11.796] (II) modeset(0): blueX: 0.150 blueY: 0.110   whiteX: 0.313 whiteY: 0.329
[    11.796] (II) modeset(0): Manufacturer's mask: 0
[    11.796] (II) modeset(0): Supported detailed timing:
[    11.796] (II) modeset(0): clock: 140.0 MHz   Image Size:  309 x 173 mm
[    11.796] (II) modeset(0): h_active: 1920  h_sync: 1968  h_sync_end 2068 h_blank_end 2100 h_border: 0
[    11.796] (II) modeset(0): v_active: 1080  v_sync: 1083  v_sync_end 1084 v_blanking: 1110 v_border: 0
[    11.796] (II) modeset(0): Unknown vendor-specific block f
[    11.796] (II) modeset(0):  AUO
[    11.796] (II) modeset(0):  B140HTN01.2
[    11.796] (II) modeset(0): EDID (in hex):
[    11.796] (II) modeset(0): 	00ffffffffffff0006af3d1200000000
[    11.796] (II) modeset(0): 	00180104951f117802e2959e59529926
[    11.796] (II) modeset(0): 	1c505400000001010101010101010101
[    11.796] (II) modeset(0): 	010101010101b03680b470381e403064
[    11.796] (II) modeset(0): 	310035ad100000180000000f00000000
[    11.796] (II) modeset(0): 	00000000000000000020000000fe0041
[    11.796] (II) modeset(0): 	554f0a202020202020202020000000fe
[    11.796] (II) modeset(0): 	004231343048544e30312e32200a0082
[    11.796] (II) modeset(0): Printing probed modes for output eDP-1
[    11.796] (II) modeset(0): Modeline "1920x1080"x60.1  140.00  1920 1968 2068 2100  1080 1083 1084 1110 -hsync -vsync (66.7 kHz eP)
[    11.796] (II) modeset(0): Modeline "1920x1080"x120.0  356.38  1920 2080 2288 2656  1080 1081 1084 1118 doublescan -hsync +vsync (134.2 kHz d)
[    11.796] (II) modeset(0): Modeline "1920x1080"x119.9  266.50  1920 1944 1960 2000  1080 1081 1084 1111 doublescan +hsync -vsync (133.2 kHz d)
[    11.796] (II) modeset(0): Modeline "1920x1080"x60.0  173.00  1920 2048 2248 2576  1080 1083 1088 1120 -hsync +vsync (67.2 kHz d)
[    11.796] (II) modeset(0): Modeline "1920x1080"x59.9  138.50  1920 1968 2000 2080  1080 1083 1088 1111 +hsync -vsync (66.6 kHz d)
[    11.796] (II) modeset(0): Modeline "1680x1050"x60.0  146.25  1680 1784 1960 2240  1050 1053 1059 1089 -hsync +vsync (65.3 kHz d)
[    11.796] (II) modeset(0): Modeline "1680x1050"x59.9  119.00  1680 1728 1760 1840  1050 1053 1059 1080 +hsync -vsync (64.7 kHz d)
[    11.796] (II) modeset(0): Modeline "1600x1024"x60.2  103.12  1600 1600 1656 1664  1024 1024 1029 1030 +hsync +vsync (62.0 kHz d)
[    11.796] (II) modeset(0): Modeline "1400x1050"x60.0  122.00  1400 1488 1640 1880  1050 1052 1064 1082 +hsync +vsync (64.9 kHz d)
[    11.796] (II) modeset(0): Modeline "1600x900"x120.0  246.00  1600 1728 1900 2200  900 901 904 932 doublescan -hsync +vsync (111.8 kHz d)
[    11.796] (II) modeset(0): Modeline "1600x900"x119.9  186.50  1600 1624 1640 1680  900 901 904 926 doublescan +hsync -vsync (111.0 kHz d)
[    11.796] (II) modeset(0): Modeline "1600x900"x59.9  118.25  1600 1696 1856 2112  900 903 908 934 -hsync +vsync (56.0 kHz d)
[    11.796] (II) modeset(0): Modeline "1600x900"x59.8   97.50  1600 1648 1680 1760  900 903 908 926 +hsync -vsync (55.4 kHz d)
[    11.796] (II) modeset(0): Modeline "1280x1024"x60.0  108.00  1280 1328 1440 1688  1024 1025 1028 1066 +hsync +vsync (64.0 kHz d)
[    11.796] (II) modeset(0): Modeline "1440x900"x59.9  106.50  1440 1520 1672 1904  900 903 909 934 -hsync +vsync (55.9 kHz d)
[    11.796] (II) modeset(0): Modeline "1400x900"x60.0  103.50  1400 1480 1624 1848  900 903 913 934 -hsync +vsync (56.0 kHz d)
[    11.796] (II) modeset(0): Modeline "1400x900"x59.9   86.50  1400 1448 1480 1560  900 903 913 926 +hsync -vsync (55.4 kHz d)
[    11.796] (II) modeset(0): Modeline "1280x960"x60.0  108.00  1280 1376 1488 1800  960 961 964 1000 +hsync +vsync (60.0 kHz d)
[    11.796] (II) modeset(0): Modeline "1440x810"x120.0  198.12  1440 1548 1704 1968  810 811 814 839 doublescan -hsync +vsync (100.7 kHz d)
[    11.796] (II) modeset(0): Modeline "1440x810"x119.9  151.88  1440 1464 1480 1520  810 811 814 833 doublescan +hsync -vsync (99.9 kHz d)
[    11.796] (II) modeset(0): Modeline "1368x768"x59.9   85.25  1368 1440 1576 1784  768 771 781 798 -hsync +vsync (47.8 kHz d)
[    11.796] (II) modeset(0): Modeline "1368x768"x59.9   72.25  1368 1416 1448 1528  768 771 781 790 +hsync -vsync (47.3 kHz d)
[    11.796] (II) modeset(0): Modeline "1360x768"x59.8   84.75  1360 1432 1568 1776  768 771 781 798 -hsync +vsync (47.7 kHz d)
[    11.796] (II) modeset(0): Modeline "1360x768"x60.0   72.00  1360 1408 1440 1520  768 771 781 790 +hsync -vsync (47.4 kHz d)
[    11.796] (II) modeset(0): Modeline "1280x800"x120.0  174.25  1280 1380 1516 1752  800 801 804 829 doublescan -hsync +vsync (99.5 kHz d)
[    11.796] (II) modeset(0): Modeline "1280x800"x119.9  134.25  1280 1304 1320 1360  800 801 804 823 doublescan +hsync -vsync (98.7 kHz d)
[    11.796] (II) modeset(0): Modeline "1280x800"x59.8   83.50  1280 1352 1480 1680  800 803 809 831 -hsync +vsync (49.7 kHz d)
[    11.796] (II) modeset(0): Modeline "1280x800"x59.9   71.00  1280 1328 1360 1440  800 803 809 823 +hsync -vsync (49.3 kHz d)
[    11.797] (II) modeset(0): Modeline "1152x864"x60.0   81.62  1152 1216 1336 1520  864 865 868 895 -hsync +vsync (53.7 kHz d)
[    11.797] (II) modeset(0): Modeline "1280x720"x120.0  156.12  1280 1376 1512 1744  720 721 724 746 doublescan -hsync +vsync (89.5 kHz d)
[    11.797] (II) modeset(0): Modeline "1280x720"x120.0  120.75  1280 1304 1320 1360  720 721 724 740 doublescan +hsync -vsync (88.8 kHz d)
[    11.797] (II) modeset(0): Modeline "1280x720"x59.9   74.50  1280 1344 1472 1664  720 723 728 748 -hsync +vsync (44.8 kHz d)
[    11.797] (II) modeset(0): Modeline "1280x720"x59.7   63.75  1280 1328 1360 1440  720 723 728 741 +hsync -vsync (44.3 kHz d)
[    11.797] (II) modeset(0): Modeline "1024x768"x120.1  133.47  1024 1100 1212 1400  768 768 770 794 doublescan -hsync +vsync (95.3 kHz d)
[    11.797] (II) modeset(0): Modeline "1024x768"x60.0   65.00  1024 1048 1184 1344  768 771 777 806 -hsync -vsync (48.4 kHz d)
[    11.797] (II) modeset(0): Modeline "960x720"x120.0  117.00  960 1024 1128 1300  720 720 722 750 doublescan -hsync +vsync (90.0 kHz d)
[    11.797] (II) modeset(0): Modeline "928x696"x120.1  109.15  928 976 1088 1264  696 696 698 719 doublescan -hsync +vsync (86.4 kHz d)
[    11.797] (II) modeset(0): Modeline "896x672"x120.0  102.40  896 960 1060 1224  672 672 674 697 doublescan -hsync +vsync (83.7 kHz d)
[    11.797] (II) modeset(0): Modeline "1024x576"x119.9   98.50  1024 1092 1200 1376  576 577 580 597 doublescan -hsync +vsync (71.6 kHz d)
[    11.797] (II) modeset(0): Modeline "1024x576"x119.9   78.38  1024 1048 1064 1104  576 577 580 592 doublescan +hsync -vsync (71.0 kHz d)
[    11.797] (II) modeset(0): Modeline "1024x576"x59.9   46.50  1024 1064 1160 1296  576 579 584 599 -hsync +vsync (35.9 kHz d)
[    11.797] (II) modeset(0): Modeline "1024x576"x59.8   42.00  1024 1072 1104 1184  576 579 584 593 +hsync -vsync (35.5 kHz d)
[    11.797] (II) modeset(0): Modeline "960x600"x119.9   96.62  960 1028 1128 1296  600 601 604 622 doublescan -hsync +vsync (74.6 kHz d)
[    11.797] (II) modeset(0): Modeline "960x600"x120.0   77.00  960 984 1000 1040  600 601 604 617 doublescan +hsync -vsync (74.0 kHz d)
[    11.797] (II) modeset(0): Modeline "960x540"x119.9   86.50  960 1024 1124 1288  540 541 544 560 doublescan -hsync +vsync (67.2 kHz d)
[    11.797] (II) modeset(0): Modeline "960x540"x120.0   69.25  960 984 1000 1040  540 541 544 555 doublescan +hsync -vsync (66.6 kHz d)
[    11.797] (II) modeset(0): Modeline "960x540"x59.6   40.75  960 992 1088 1216  540 543 548 562 -hsync +vsync (33.5 kHz d)
[    11.797] (II) modeset(0): Modeline "960x540"x59.8   37.25  960 1008 1040 1120  540 543 548 556 +hsync -vsync (33.3 kHz d)
[    11.797] (II) modeset(0): Modeline "800x600"x120.0   81.00  800 832 928 1080  600 600 602 625 doublescan +hsync +vsync (75.0 kHz d)
[    11.797] (II) modeset(0): Modeline "800x600"x60.3   40.00  800 840 968 1056  600 601 605 628 +hsync +vsync (37.9 kHz d)
[    11.797] (II) modeset(0): Modeline "800x600"x56.2   36.00  800 824 896 1024  600 601 603 625 +hsync +vsync (35.2 kHz d)
[    11.797] (II) modeset(0): Modeline "840x525"x120.0   73.12  840 892 980 1120  525 526 529 544 doublescan -hsync +vsync (65.3 kHz d)
[    11.797] (II) modeset(0): Modeline "840x525"x119.8   59.50  840 864 880 920  525 526 529 540 doublescan +hsync -vsync (64.7 kHz d)
[    11.797] (II) modeset(0): Modeline "864x486"x59.9   32.50  864 888 968 1072  486 489 494 506 -hsync +vsync (30.3 kHz d)
[    11.797] (II) modeset(0): Modeline "864x486"x59.6   30.50  864 912 944 1024  486 489 494 500 +hsync -vsync (29.8 kHz d)
[    11.797] (II) modeset(0): Modeline "800x512"x120.3   51.56  800 800 828 832  512 512 514 515 doublescan +hsync +vsync (62.0 kHz d)
[    11.797] (II) modeset(0): Modeline "700x525"x120.0   61.00  700 744 820 940  525 526 532 541 doublescan +hsync +vsync (64.9 kHz d)
[    11.797] (II) modeset(0): Modeline "800x450"x119.9   59.12  800 848 928 1056  450 451 454 467 doublescan -hsync +vsync (56.0 kHz d)
[    11.797] (II) modeset(0): Modeline "800x450"x119.6   48.75  800 824 840 880  450 451 454 463 doublescan +hsync -vsync (55.4 kHz d)
[    11.797] (II) modeset(0): Modeline "640x512"x120.0   54.00  640 664 720 844  512 512 514 533 doublescan +hsync +vsync (64.0 kHz d)
[    11.797] (II) modeset(0): Modeline "720x450"x119.8   53.25  720 760 836 952  450 451 454 467 doublescan -hsync +vsync (55.9 kHz d)
[    11.797] (II) modeset(0): Modeline "700x450"x119.9   51.75  700 740 812 924  450 451 456 467 doublescan -hsync +vsync (56.0 kHz d)
[    11.797] (II) modeset(0): Modeline "700x450"x119.8   43.25  700 724 740 780  450 451 456 463 doublescan +hsync -vsync (55.4 kHz d)
[    11.797] (II) modeset(0): Modeline "640x480"x120.0   54.00  640 688 744 900  480 480 482 500 doublescan +hsync +vsync (60.0 kHz d)
[    11.797] (II) modeset(0): Modeline "640x480"x59.9   25.18  640 656 752 800  480 490 492 525 -hsync -vsync (31.5 kHz d)
[    11.797] (II) modeset(0): Modeline "720x405"x59.5   22.50  720 744 808 896  405 408 413 422 -hsync +vsync (25.1 kHz d)
[    11.797] (II) modeset(0): Modeline "720x405"x59.0   21.75  720 768 800 880  405 408 413 419 +hsync -vsync (24.7 kHz d)
[    11.797] (II) modeset(0): Modeline "684x384"x119.8   42.62  684 720 788 892  384 385 390 399 doublescan -hsync +vsync (47.8 kHz d)
[    11.797] (II) modeset(0): Modeline "684x384"x119.7   36.12  684 708 724 764  384 385 390 395 doublescan +hsync -vsync (47.3 kHz d)
[    11.797] (II) modeset(0): Modeline "680x384"x119.6   42.38  680 716 784 888  384 385 390 399 doublescan -hsync +vsync (47.7 kHz d)
[    11.797] (II) modeset(0): Modeline "680x384"x119.9   36.00  680 704 720 760  384 385 390 395 doublescan +hsync -vsync (47.4 kHz d)
[    11.797] (II) modeset(0): Modeline "640x400"x119.8   41.75  640 676 740 840  400 401 404 415 doublescan -hsync +vsync (49.7 kHz d)
[    11.797] (II) modeset(0): Modeline "640x400"x120.0   35.50  640 664 680 720  400 401 404 411 doublescan +hsync -vsync (49.3 kHz d)
[    11.797] (II) modeset(0): Modeline "576x432"x120.1   40.81  576 608 668 760  432 432 434 447 doublescan -hsync +vsync (53.7 kHz d)
[    11.797] (II) modeset(0): Modeline "640x360"x119.7   37.25  640 672 736 832  360 361 364 374 doublescan -hsync +vsync (44.8 kHz d)
[    11.797] (II) modeset(0): Modeline "640x360"x119.7   31.88  640 664 680 720  360 361 364 370 doublescan +hsync -vsync (44.3 kHz d)
[    11.797] (II) modeset(0): Modeline "640x360"x59.8   18.00  640 664 720 800  360 363 368 376 -hsync +vsync (22.5 kHz d)
[    11.797] (II) modeset(0): Modeline "640x360"x59.3   17.75  640 688 720 800  360 363 368 374 +hsync -vsync (22.2 kHz d)
[    11.797] (II) modeset(0): Modeline "512x384"x120.0   32.50  512 524 592 672  384 385 388 403 doublescan -hsync -vsync (48.4 kHz d)
[    11.797] (II) modeset(0): Modeline "512x288"x120.0   23.25  512 532 580 648  288 289 292 299 doublescan -hsync +vsync (35.9 kHz d)
[    11.797] (II) modeset(0): Modeline "512x288"x119.8   21.00  512 536 552 592  288 289 292 296 doublescan +hsync -vsync (35.5 kHz d)
[    11.797] (II) modeset(0): Modeline "480x270"x119.3   20.38  480 496 544 608  270 271 274 281 doublescan -hsync +vsync (33.5 kHz d)
[    11.797] (II) modeset(0): Modeline "480x270"x119.6   18.62  480 504 520 560  270 271 274 278 doublescan +hsync -vsync (33.3 kHz d)
[    11.797] (II) modeset(0): Modeline "400x300"x120.6   20.00  400 420 484 528  300 300 302 314 doublescan +hsync +vsync (37.9 kHz d)
[    11.797] (II) modeset(0): Modeline "400x300"x112.7   18.00  400 412 448 512  300 300 301 312 doublescan +hsync +vsync (35.2 kHz d)
[    11.797] (II) modeset(0): Modeline "432x243"x119.8   16.25  432 444 484 536  243 244 247 253 doublescan -hsync +vsync (30.3 kHz d)
[    11.797] (II) modeset(0): Modeline "432x243"x119.1   15.25  432 456 472 512  243 244 247 250 doublescan +hsync -vsync (29.8 kHz d)
[    11.797] (II) modeset(0): Modeline "320x240"x120.1   12.59  320 328 376 400  240 245 246 262 doublescan -hsync -vsync (31.5 kHz d)
[    11.797] (II) modeset(0): Modeline "360x202"x119.0   11.25  360 372 404 448  202 204 206 211 doublescan -hsync +vsync (25.1 kHz d)
[    11.797] (II) modeset(0): Modeline "360x202"x118.3   10.88  360 384 400 440  202 204 206 209 doublescan +hsync -vsync (24.7 kHz d)
[    11.797] (II) modeset(0): Modeline "320x180"x119.7    9.00  320 332 360 400  180 181 184 188 doublescan -hsync +vsync (22.5 kHz d)
[    11.797] (II) modeset(0): Modeline "320x180"x118.6    8.88  320 344 360 400  180 181 184 187 doublescan +hsync -vsync (22.2 kHz d)
[    11.797] (II) modeset(0): EDID for output DP-1
[    11.799] (II) modeset(0): EDID for output HDMI-1
[    11.799] (II) modeset(0): EDID for output DP-2
[    11.801] (II) modeset(0): EDID for output HDMI-2
[    11.801] (II) modeset(0): Output eDP-1 connected
[    11.801] (II) modeset(0): Output DP-1 disconnected
[    11.801] (II) modeset(0): Output HDMI-1 disconnected
[    11.801] (II) modeset(0): Output DP-2 disconnected
[    11.801] (II) modeset(0): Output HDMI-2 disconnected
[    11.801] (II) modeset(0): Using exact sizes for initial modes
[    11.801] (II) modeset(0): Output eDP-1 using initial mode 1920x1080 +0+0
[    11.801] (==) modeset(0): Using gamma correction (1.0, 1.0, 1.0)
[    11.801] (==) modeset(0): DPI set to (96, 96)
[    11.801] (II) Loading sub module "fb"
[    11.801] (II) LoadModule: "fb"
[    11.801] (II) Loading /usr/lib/xorg/modules/libfb.so
[    11.802] (II) Module fb: vendor="X.Org Foundation"
[    11.802] 	compiled for 1.20.4, module version = 1.0.0
[    11.802] 	ABI class: X.Org ANSI C Emulation, version 0.4
[    11.802] (II) UnloadModule: "fbdev"
[    11.802] (II) Unloading fbdev
[    11.802] (II) UnloadSubModule: "fbdevhw"
[    11.802] (II) Unloading fbdevhw
[    11.802] (II) UnloadModule: "vesa"
[    11.802] (II) Unloading vesa
[    11.805] (==) modeset(0): Backing store enabled
[    11.805] (==) modeset(0): Silken mouse enabled
[    11.862] (II) modeset(0): Initializing kms color map for depth 24, 8 bpc.
[    11.862] (==) modeset(0): DPMS enabled
[    11.863] (II) modeset(0): [DRI2] Setup complete
[    11.863] (II) modeset(0): [DRI2]   DRI driver: i965
[    11.863] (II) modeset(0): [DRI2]   VDPAU driver: i965
[    11.863] (II) Initializing extension Generic Event Extension
[    11.864] (II) Initializing extension SHAPE
[    11.864] (II) Initializing extension MIT-SHM
[    11.865] (II) Initializing extension XInputExtension
[    11.866] (II) Initializing extension XTEST
[    11.867] (II) Initializing extension BIG-REQUESTS
[    11.867] (II) Initializing extension SYNC
[    11.868] (II) Initializing extension XKEYBOARD
[    11.868] (II) Initializing extension XC-MISC
[    11.868] (II) Initializing extension SECURITY
[    11.869] (II) Initializing extension XFIXES
[    11.869] (II) Initializing extension RENDER
[    11.870] (II) Initializing extension RANDR
[    11.870] (II) Initializing extension COMPOSITE
[    11.871] (II) Initializing extension DAMAGE
[    11.871] (II) Initializing extension MIT-SCREEN-SAVER
[    11.872] (II) Initializing extension DOUBLE-BUFFER
[    11.872] (II) Initializing extension RECORD
[    11.873] (II) Initializing extension DPMS
[    11.873] (II) Initializing extension Present
[    11.873] (II) Initializing extension DRI3
[    11.874] (II) Initializing extension X-Resource
[    11.874] (II) Initializing extension XVideo
[    11.874] (II) Initializing extension XVideo-MotionCompensation
[    11.874] (II) Initializing extension SELinux
[    11.874] (II) SELinux: Disabled on system
[    11.874] (II) Initializing extension GLX
[    11.879] (II) AIGLX: Loaded and initialized i965
[    11.879] (II) GLX: Initialized DRI2 GL provider for screen 0
[    11.879] (II) Initializing extension XFree86-VidModeExtension
[    11.879] (II) Initializing extension XFree86-DGA
[    11.880] (II) Initializing extension XFree86-DRI
[    11.880] (II) Initializing extension DRI2
[    11.882] (II) modeset(0): Damage tracking initialized
[    11.882] (II) modeset(0): Setting screen physical size to 508 x 285
[    11.912] (II) config/udev: Adding input device Power Button (/dev/input/event2)
[    11.912] (**) Power Button: Applying InputClass "libinput keyboard catchall"
[    11.912] (II) LoadModule: "libinput"
[    11.912] (II) Loading /usr/lib/xorg/modules/input/libinput_drv.so
[    11.913] (II) Module libinput: vendor="X.Org Foundation"
[    11.913] 	compiled for 1.20.1, module version = 0.28.1
[    11.913] 	Module class: X.Org XInput Driver
[    11.913] 	ABI class: X.Org XInput driver, version 24.1
[    11.913] (II) Using input driver 'libinput' for 'Power Button'
[    11.914] (II) systemd-logind: got fd for /dev/input/event2 13:66 fd 21 paused 0
[    11.914] (**) Power Button: always reports core events
[    11.914] (**) Option "Device" "/dev/input/event2"
[    11.914] (**) Option "_source" "server/udev"
[    11.915] (II) event2  - Power Button: is tagged by udev as: Keyboard
[    11.915] (II) event2  - Power Button: device is a keyboard
[    11.915] (II) event2  - Power Button: device removed
[    11.915] (**) Option "config_info" "udev:/sys/devices/LNXSYSTM:00/LNXPWRBN:00/input/input2/event2"
[    11.915] (II) XINPUT: Adding extended input device "Power Button" (type: KEYBOARD, id 6)
[    11.915] (**) Option "xkb_model" "pc105"
[    11.915] (**) Option "xkb_layout" "jp"
[    11.927] (II) event2  - Power Button: is tagged by udev as: Keyboard
[    11.927] (II) event2  - Power Button: device is a keyboard
[    11.928] (II) config/udev: Adding input device Video Bus (/dev/input/event9)
[    11.928] (**) Video Bus: Applying InputClass "libinput keyboard catchall"
[    11.928] (II) Using input driver 'libinput' for 'Video Bus'
[    11.928] (II) systemd-logind: got fd for /dev/input/event9 13:73 fd 24 paused 0
[    11.928] (**) Video Bus: always reports core events
[    11.928] (**) Option "Device" "/dev/input/event9"
[    11.928] (**) Option "_source" "server/udev"
[    11.929] (II) event9  - Video Bus: is tagged by udev as: Keyboard
[    11.929] (II) event9  - Video Bus: device is a keyboard
[    11.929] (II) event9  - Video Bus: device removed
[    11.929] (**) Option "config_info" "udev:/sys/devices/LNXSYSTM:00/LNXSYBUS:00/PNP0A08:00/LNXVIDEO:00/input/input11/event9"
[    11.929] (II) XINPUT: Adding extended input device "Video Bus" (type: KEYBOARD, id 7)
[    11.929] (**) Option "xkb_model" "pc105"
[    11.929] (**) Option "xkb_layout" "jp"
[    11.930] (II) event9  - Video Bus: is tagged by udev as: Keyboard
[    11.930] (II) event9  - Video Bus: device is a keyboard
[    11.930] (II) config/udev: Adding input device Lid Switch (/dev/input/event0)
[    11.930] (II) No input driver specified, ignoring this device.
[    11.930] (II) This device may have been added with another device file.
[    11.931] (II) config/udev: Adding input device Sleep Button (/dev/input/event1)
[    11.931] (**) Sleep Button: Applying InputClass "libinput keyboard catchall"
[    11.931] (II) Using input driver 'libinput' for 'Sleep Button'
[    11.931] (II) systemd-logind: got fd for /dev/input/event1 13:65 fd 25 paused 0
[    11.931] (**) Sleep Button: always reports core events
[    11.931] (**) Option "Device" "/dev/input/event1"
[    11.931] (**) Option "_source" "server/udev"
[    11.932] (II) event1  - Sleep Button: is tagged by udev as: Keyboard
[    11.932] (II) event1  - Sleep Button: device is a keyboard
[    11.932] (II) event1  - Sleep Button: device removed
[    11.932] (**) Option "config_info" "udev:/sys/devices/LNXSYSTM:00/LNXSYBUS:00/PNP0C0E:00/input/input1/event1"
[    11.932] (II) XINPUT: Adding extended input device "Sleep Button" (type: KEYBOARD, id 8)
[    11.932] (**) Option "xkb_model" "pc105"
[    11.932] (**) Option "xkb_layout" "jp"
[    11.933] (II) event1  - Sleep Button: is tagged by udev as: Keyboard
[    11.933] (II) event1  - Sleep Button: device is a keyboard
[    11.933] (II) config/udev: Adding input device HDA Intel HDMI HDMI/DP,pcm=3 (/dev/input/event10)
[    11.933] (II) No input driver specified, ignoring this device.
[    11.933] (II) This device may have been added with another device file.
[    11.934] (II) config/udev: Adding input device HDA Intel HDMI HDMI/DP,pcm=7 (/dev/input/event11)
[    11.934] (II) No input driver specified, ignoring this device.
[    11.934] (II) This device may have been added with another device file.
[    11.934] (II) config/udev: Adding input device HDA Intel HDMI HDMI/DP,pcm=8 (/dev/input/event12)
[    11.934] (II) No input driver specified, ignoring this device.
[    11.934] (II) This device may have been added with another device file.
[    11.934] (II) config/udev: Adding input device HDA Intel HDMI HDMI/DP,pcm=9 (/dev/input/event13)
[    11.935] (II) No input driver specified, ignoring this device.
[    11.935] (II) This device may have been added with another device file.
[    11.935] (II) config/udev: Adding input device HDA Intel HDMI HDMI/DP,pcm=10 (/dev/input/event14)
[    11.935] (II) No input driver specified, ignoring this device.
[    11.935] (II) This device may have been added with another device file.
[    11.935] (II) config/udev: Adding input device Integrated Camera: Integrated C (/dev/input/event5)
[    11.935] (**) Integrated Camera: Integrated C: Applying InputClass "libinput keyboard catchall"
[    11.935] (II) Using input driver 'libinput' for 'Integrated Camera: Integrated C'
[    11.936] (II) systemd-logind: got fd for /dev/input/event5 13:69 fd 26 paused 0
[    11.936] (**) Integrated Camera: Integrated C: always reports core events
[    11.936] (**) Option "Device" "/dev/input/event5"
[    11.936] (**) Option "_source" "server/udev"
[    11.937] (II) event5  - Integrated Camera: Integrated C: is tagged by udev as: Keyboard
[    11.937] (II) event5  - Integrated Camera: Integrated C: device is a keyboard
[    11.937] (II) event5  - Integrated Camera: Integrated C: device removed
[    11.938] (**) Option "config_info" "udev:/sys/devices/pci0000:00/0000:00:14.0/usb2/2-8/2-8:1.0/input/input8/event5"
[    11.938] (II) XINPUT: Adding extended input device "Integrated Camera: Integrated C" (type: KEYBOARD, id 9)
[    11.938] (**) Option "xkb_model" "pc105"
[    11.938] (**) Option "xkb_layout" "jp"
[    11.938] (II) event5  - Integrated Camera: Integrated C: is tagged by udev as: Keyboard
[    11.938] (II) event5  - Integrated Camera: Integrated C: device is a keyboard
[    11.939] (II) config/udev: Adding input device HDA Intel PCH Headphone (/dev/input/event8)
[    11.939] (II) No input driver specified, ignoring this device.
[    11.939] (II) This device may have been added with another device file.
[    11.939] (II) config/udev: Adding input device HDA Intel PCH Mic (/dev/input/event7)
[    11.939] (II) No input driver specified, ignoring this device.
[    11.939] (II) This device may have been added with another device file.
[    11.940] (II) config/udev: Adding input device AT Translated Set 2 keyboard (/dev/input/event3)
[    11.940] (**) AT Translated Set 2 keyboard: Applying InputClass "libinput keyboard catchall"
[    11.940] (II) Using input driver 'libinput' for 'AT Translated Set 2 keyboard'
[    11.940] (II) systemd-logind: got fd for /dev/input/event3 13:67 fd 27 paused 0
[    11.940] (**) AT Translated Set 2 keyboard: always reports core events
[    11.940] (**) Option "Device" "/dev/input/event3"
[    11.941] (**) Option "_source" "server/udev"
[    11.941] (II) event3  - AT Translated Set 2 keyboard: is tagged by udev as: Keyboard
[    11.941] (II) event3  - AT Translated Set 2 keyboard: device is a keyboard
[    11.941] (II) event3  - AT Translated Set 2 keyboard: device removed
[    11.941] (**) Option "config_info" "udev:/sys/devices/platform/i8042/serio0/input/input3/event3"
[    11.941] (II) XINPUT: Adding extended input device "AT Translated Set 2 keyboard" (type: KEYBOARD, id 10)
[    11.941] (**) Option "xkb_model" "pc105"
[    11.941] (**) Option "xkb_layout" "jp"
[    11.942] (II) event3  - AT Translated Set 2 keyboard: is tagged by udev as: Keyboard
[    11.942] (II) event3  - AT Translated Set 2 keyboard: device is a keyboard
[    11.942] (II) config/udev: Adding input device SynPS/2 Synaptics TouchPad (/dev/input/event4)
[    11.942] (**) SynPS/2 Synaptics TouchPad: Applying InputClass "libinput touchpad catchall"
[    11.942] (II) Using input driver 'libinput' for 'SynPS/2 Synaptics TouchPad'
[    11.943] (II) systemd-logind: got fd for /dev/input/event4 13:68 fd 28 paused 0
[    11.943] (**) SynPS/2 Synaptics TouchPad: always reports core events
[    11.943] (**) Option "Device" "/dev/input/event4"
[    11.943] (**) Option "_source" "server/udev"
[    11.943] (II) event4  - SynPS/2 Synaptics TouchPad: is tagged by udev as: Touchpad
[    11.944] (II) event4  - SynPS/2 Synaptics TouchPad: device is a touchpad
[    11.944] (II) event4  - SynPS/2 Synaptics TouchPad: device removed
[    11.944] (**) Option "config_info" "udev:/sys/devices/platform/i8042/serio1/input/input5/event4"
[    11.944] (II) XINPUT: Adding extended input device "SynPS/2 Synaptics TouchPad" (type: TOUCHPAD, id 11)
[    11.944] (**) Option "AccelerationScheme" "none"
[    11.944] (**) SynPS/2 Synaptics TouchPad: (accel) selected scheme none/0
[    11.944] (**) SynPS/2 Synaptics TouchPad: (accel) acceleration factor: 2.000
[    11.944] (**) SynPS/2 Synaptics TouchPad: (accel) acceleration threshold: 4
[    11.944] (II) event4  - SynPS/2 Synaptics TouchPad: is tagged by udev as: Touchpad
[    11.945] (II) event4  - SynPS/2 Synaptics TouchPad: device is a touchpad
[    11.945] (II) config/udev: Adding input device SynPS/2 Synaptics TouchPad (/dev/input/mouse0)
[    11.945] (II) No input driver specified, ignoring this device.
[    11.945] (II) This device may have been added with another device file.
[    11.945] (II) config/udev: Adding input device TPPS/2 IBM TrackPoint (/dev/input/event15)
[    11.945] (**) TPPS/2 IBM TrackPoint: Applying InputClass "libinput pointer catchall"
[    11.945] (II) Using input driver 'libinput' for 'TPPS/2 IBM TrackPoint'
[    11.946] (II) systemd-logind: got fd for /dev/input/event15 13:79 fd 29 paused 0
[    11.946] (**) TPPS/2 IBM TrackPoint: always reports core events
[    11.946] (**) Option "Device" "/dev/input/event15"
[    11.946] (**) Option "_source" "server/udev"
[    11.946] (II) event15 - TPPS/2 IBM TrackPoint: is tagged by udev as: Mouse Pointingstick
[    11.946] (II) event15 - TPPS/2 IBM TrackPoint: trackpoint device set to range 31
[    11.946] (II) event15 - TPPS/2 IBM TrackPoint: device is a pointer
[    11.946] (II) event15 - TPPS/2 IBM TrackPoint: device removed
[    11.947] (**) Option "config_info" "udev:/sys/devices/platform/i8042/serio1/serio2/input/input6/event15"
[    11.947] (II) XINPUT: Adding extended input device "TPPS/2 IBM TrackPoint" (type: MOUSE, id 12)
[    11.947] (**) Option "AccelerationScheme" "none"
[    11.947] (**) TPPS/2 IBM TrackPoint: (accel) selected scheme none/0
[    11.947] (**) TPPS/2 IBM TrackPoint: (accel) acceleration factor: 2.000
[    11.947] (**) TPPS/2 IBM TrackPoint: (accel) acceleration threshold: 4
[    11.947] (II) event15 - TPPS/2 IBM TrackPoint: is tagged by udev as: Mouse Pointingstick
[    11.947] (II) event15 - TPPS/2 IBM TrackPoint: trackpoint device set to range 31
[    11.947] (II) event15 - TPPS/2 IBM TrackPoint: device is a pointer
[    11.947] (II) config/udev: Adding input device TPPS/2 IBM TrackPoint (/dev/input/mouse1)
[    11.947] (II) No input driver specified, ignoring this device.
[    11.947] (II) This device may have been added with another device file.
[    11.949] (II) config/udev: Adding input device ThinkPad Extra Buttons (/dev/input/event6)
[    11.949] (**) ThinkPad Extra Buttons: Applying InputClass "libinput keyboard catchall"
[    11.949] (II) Using input driver 'libinput' for 'ThinkPad Extra Buttons'
[    11.950] (II) systemd-logind: got fd for /dev/input/event6 13:70 fd 30 paused 0
[    11.950] (**) ThinkPad Extra Buttons: always reports core events
[    11.950] (**) Option "Device" "/dev/input/event6"
[    11.950] (**) Option "_source" "server/udev"
[    11.950] (II) event6  - ThinkPad Extra Buttons: is tagged by udev as: Keyboard Switch
[    11.950] (II) event6  - ThinkPad Extra Buttons: device is a keyboard
[    11.950] (II) event6  - ThinkPad Extra Buttons: device removed
[    11.950] (**) Option "config_info" "udev:/sys/devices/platform/thinkpad_acpi/input/input7/event6"
[    11.950] (II) XINPUT: Adding extended input device "ThinkPad Extra Buttons" (type: KEYBOARD, id 13)
[    11.951] (**) Option "xkb_model" "pc105"
[    11.951] (**) Option "xkb_layout" "jp"
[    11.951] (II) event6  - ThinkPad Extra Buttons: is tagged by udev as: Keyboard Switch
[    11.951] (II) event6  - ThinkPad Extra Buttons: device is a keyboard
[    12.268] (II) modeset(0): EDID vendor "AUO", prod id 4669
[    12.268] (II) modeset(0): Printing DDC gathered Modelines:
[    12.268] (II) modeset(0): Modeline "1920x1080"x0.0  140.00  1920 1968 2068 2100  1080 1083 1084 1110 -hsync -vsync (66.7 kHz eP)
[  2183.923] (II) Axis 0x36 value 5856 is outside expected range [912, 4941]
See https://wayland.freedesktop.org/libinput/doc/1.10.4//absolute_coordinate_ranges.html for details
[ 70316.476] (II) modeset(0): EDID vendor "AUO", prod id 4669
[ 70316.476] (II) modeset(0): Printing DDC gathered Modelines:
[ 70316.476] (II) modeset(0): Modeline "1920x1080"x0.0  140.00  1920 1968 2068 2100  1080 1083 1084 1110 -hsync -vsync (66.7 kHz eP)
[ 70464.003] (WW) modeset(0): flip queue failed: Invalid argument
[ 70464.003] (WW) modeset(0): Page flip failed: Invalid argument
[ 70513.035] (II) modeset(0): EDID vendor "AUO", prod id 4669
[ 70513.035] (II) modeset(0): Printing DDC gathered Modelines:
[ 70513.035] (II) modeset(0): Modeline "1920x1080"x0.0  140.00  1920 1968 2068 2100  1080 1083 1084 1110 -hsync -vsync (66.7 kHz eP)
[ 71391.057] (II) modeset(0): EDID vendor "AUO", prod id 4669
[ 71391.058] (II) modeset(0): Printing DDC gathered Modelines:
[ 71391.058] (II) modeset(0): Modeline "1920x1080"x0.0  140.00  1920 1968 2068 2100  1080 1083 1084 1110 -hsync -vsync (66.7 kHz eP)
[ 71464.468] (EE) event4  - SynPS/2 Synaptics TouchPad: libinput bug: invalid tap event TAP_EVENT_MOTION in state TAP_STATE_TAPPED
[ 71464.478] (EE) event4  - SynPS/2 Synaptics TouchPad: libinput bug: invalid tap event TAP_EVENT_MOTION in state TAP_STATE_TAPPED
[ 71464.488] (EE) event4  - SynPS/2 Synaptics TouchPad: libinput bug: invalid tap event TAP_EVENT_MOTION in state TAP_STATE_TAPPED
[ 71464.498] (EE) event4  - SynPS/2 Synaptics TouchPad: libinput bug: invalid tap event TAP_EVENT_MOTION in state TAP_STATE_TAPPED
[ 71464.507] (EE) event4  - SynPS/2 Synaptics TouchPad: libinput bug: invalid tap event TAP_EVENT_RELEASE in state TAP_STATE_TAPPED
[ 88440.152] (II) event15 - TPPS/2 IBM TrackPoint: Enabling spurious button debouncing, see https://wayland.freedesktop.org/libinput/doc/1.10.4/button_debouncing.html for details
[ 97043.247] (II) Axis 0x35 value 0 is outside expected range [1045, 5896]
See https://wayland.freedesktop.org/libinput/doc/1.10.4//absolute_coordinate_ranges.html for details
