[2019-12-02 17:24:39.489] [exthost] [info] extension host started
[2019-12-02 17:24:39.603] [exthost] [info] ExtensionService#_doActivateExtension vscode.python {"startup":false,"extensionId":{"value":"vscode.python","_lower":"vscode.python"},"activationEvent":"onLanguage:python"}
[2019-12-02 17:24:39.603] [exthost] [info] ExtensionService#loadCommonJSModule file:///usr/share/code/resources/app/extensions/python/dist/pythonMain
[2019-12-02 17:24:39.606] [exthost] [info] ExtensionService#_doActivateExtension ms-python.python {"startup":false,"extensionId":{"value":"ms-python.python","_lower":"ms-python.python"},"activationEvent":"onLanguage:python"}
[2019-12-02 17:24:39.606] [exthost] [info] ExtensionService#loadCommonJSModule file:///home/agepan/.vscode/extensions/ms-python.python-2019.11.50794/out/client/extension
[2019-12-02 17:24:39.878] [exthost] [info] ExtensionService#_doActivateExtension vscode.debug-auto-launch {"startup":true,"extensionId":{"value":"vscode.debug-auto-launch","_lower":"vscode.debug-auto-launch"},"activationEvent":"*"}
[2019-12-02 17:24:39.878] [exthost] [info] ExtensionService#loadCommonJSModule file:///usr/share/code/resources/app/extensions/debug-auto-launch/dist/extension
[2019-12-02 17:24:39.881] [exthost] [info] ExtensionService#_doActivateExtension vscode.emmet {"startup":true,"extensionId":{"value":"vscode.emmet","_lower":"vscode.emmet"},"activationEvent":"*"}
[2019-12-02 17:24:39.881] [exthost] [info] ExtensionService#loadCommonJSModule file:///usr/share/code/resources/app/extensions/emmet/dist/extension
[2019-12-02 17:24:39.889] [exthost] [info] ExtensionService#_doActivateExtension vscode.git {"startup":true,"extensionId":{"value":"vscode.git","_lower":"vscode.git"},"activationEvent":"*"}
[2019-12-02 17:24:39.889] [exthost] [info] ExtensionService#loadCommonJSModule file:///usr/share/code/resources/app/extensions/git/dist/main
[2019-12-02 17:24:39.939] [exthost] [info] ExtensionService#_doActivateExtension vscode.merge-conflict {"startup":true,"extensionId":{"value":"vscode.merge-conflict","_lower":"vscode.merge-conflict"},"activationEvent":"*"}
[2019-12-02 17:24:39.939] [exthost] [info] ExtensionService#loadCommonJSModule file:///usr/share/code/resources/app/extensions/merge-conflict/dist/extension
[2019-12-02 17:24:39.943] [exthost] [info] eager extensions activated
[2019-12-02 17:25:33.721] [exthost] [info] extension host started
[2019-12-02 17:25:33.779] [exthost] [info] ExtensionService#_doActivateExtension vscode.python {"startup":false,"extensionId":{"value":"vscode.python","_lower":"vscode.python"},"activationEvent":"onLanguage:python"}
[2019-12-02 17:25:33.779] [exthost] [info] ExtensionService#loadCommonJSModule file:///usr/share/code/resources/app/extensions/python/dist/pythonMain
[2019-12-02 17:25:33.782] [exthost] [info] ExtensionService#_doActivateExtension ms-python.python {"startup":false,"extensionId":{"value":"ms-python.python","_lower":"ms-python.python"},"activationEvent":"onLanguage:python"}
[2019-12-02 17:25:33.782] [exthost] [info] ExtensionService#loadCommonJSModule file:///home/agepan/.vscode/extensions/ms-python.python-2019.11.50794/out/client/extension
[2019-12-02 17:25:33.987] [exthost] [info] ExtensionService#_doActivateExtension vscode.debug-auto-launch {"startup":true,"extensionId":{"value":"vscode.debug-auto-launch","_lower":"vscode.debug-auto-launch"},"activationEvent":"*"}
[2019-12-02 17:25:33.987] [exthost] [info] ExtensionService#loadCommonJSModule file:///usr/share/code/resources/app/extensions/debug-auto-launch/dist/extension
[2019-12-02 17:25:33.989] [exthost] [info] ExtensionService#_doActivateExtension vscode.emmet {"startup":true,"extensionId":{"value":"vscode.emmet","_lower":"vscode.emmet"},"activationEvent":"*"}
[2019-12-02 17:25:33.989] [exthost] [info] ExtensionService#loadCommonJSModule file:///usr/share/code/resources/app/extensions/emmet/dist/extension
[2019-12-02 17:25:33.997] [exthost] [info] ExtensionService#_doActivateExtension vscode.git {"startup":true,"extensionId":{"value":"vscode.git","_lower":"vscode.git"},"activationEvent":"*"}
[2019-12-02 17:25:33.997] [exthost] [info] ExtensionService#loadCommonJSModule file:///usr/share/code/resources/app/extensions/git/dist/main
[2019-12-02 17:25:34.042] [exthost] [info] ExtensionService#_doActivateExtension vscode.merge-conflict {"startup":true,"extensionId":{"value":"vscode.merge-conflict","_lower":"vscode.merge-conflict"},"activationEvent":"*"}
[2019-12-02 17:25:34.042] [exthost] [info] ExtensionService#loadCommonJSModule file:///usr/share/code/resources/app/extensions/merge-conflict/dist/extension
[2019-12-02 17:25:34.047] [exthost] [info] eager extensions activated
[2019-12-02 19:58:50.322] [exthost] [info] ExtensionService#_doActivateExtension vscode.html-language-features {"startup":false,"extensionId":{"value":"vscode.html-language-features","_lower":"vscode.html-language-features"},"activationEvent":"onLanguage:html"}
[2019-12-02 19:58:50.322] [exthost] [info] ExtensionService#loadCommonJSModule file:///usr/share/code/resources/app/extensions/html-language-features/client/dist/htmlMain
[2019-12-03 10:22:46.101] [exthost] [info] extension host started
[2019-12-03 10:22:46.151] [exthost] [info] ExtensionService#_doActivateExtension vscode.debug-auto-launch {"startup":true,"extensionId":{"value":"vscode.debug-auto-launch","_lower":"vscode.debug-auto-launch"},"activationEvent":"*"}
[2019-12-03 10:22:46.152] [exthost] [info] ExtensionService#loadCommonJSModule file:///usr/share/code/resources/app/extensions/debug-auto-launch/dist/extension
[2019-12-03 10:22:46.155] [exthost] [info] ExtensionService#_doActivateExtension vscode.emmet {"startup":true,"extensionId":{"value":"vscode.emmet","_lower":"vscode.emmet"},"activationEvent":"*"}
[2019-12-03 10:22:46.155] [exthost] [info] ExtensionService#loadCommonJSModule file:///usr/share/code/resources/app/extensions/emmet/dist/extension
[2019-12-03 10:22:46.164] [exthost] [info] ExtensionService#_doActivateExtension vscode.git {"startup":true,"extensionId":{"value":"vscode.git","_lower":"vscode.git"},"activationEvent":"*"}
[2019-12-03 10:22:46.164] [exthost] [info] ExtensionService#loadCommonJSModule file:///usr/share/code/resources/app/extensions/git/dist/main
[2019-12-03 10:22:46.209] [exthost] [info] ExtensionService#_doActivateExtension vscode.merge-conflict {"startup":true,"extensionId":{"value":"vscode.merge-conflict","_lower":"vscode.merge-conflict"},"activationEvent":"*"}
[2019-12-03 10:22:46.209] [exthost] [info] ExtensionService#loadCommonJSModule file:///usr/share/code/resources/app/extensions/merge-conflict/dist/extension
[2019-12-03 10:22:46.238] [exthost] [info] eager extensions activated
[2019-12-03 10:22:55.982] [exthost] [info] ExtensionService#_doActivateExtension vscode.python {"startup":false,"extensionId":{"value":"vscode.python","_lower":"vscode.python"},"activationEvent":"onLanguage:python"}
[2019-12-03 10:22:55.982] [exthost] [info] ExtensionService#loadCommonJSModule file:///usr/share/code/resources/app/extensions/python/dist/pythonMain
[2019-12-03 10:22:55.983] [exthost] [info] ExtensionService#_doActivateExtension ms-python.python {"startup":false,"extensionId":{"value":"ms-python.python","_lower":"ms-python.python"},"activationEvent":"onLanguage:python"}
[2019-12-03 10:22:55.984] [exthost] [info] ExtensionService#loadCommonJSModule file:///home/agepan/.vscode/extensions/ms-python.python-2019.11.50794/out/client/extension
[2019-12-03 10:23:21.693] [exthost] [info] extension host started
[2019-12-03 10:23:21.809] [exthost] [info] ExtensionService#_doActivateExtension vscode.python {"startup":false,"extensionId":{"value":"vscode.python","_lower":"vscode.python"},"activationEvent":"onLanguage:python"}
[2019-12-03 10:23:21.810] [exthost] [info] ExtensionService#loadCommonJSModule file:///usr/share/code/resources/app/extensions/python/dist/pythonMain
[2019-12-03 10:23:21.814] [exthost] [info] ExtensionService#_doActivateExtension ms-python.python {"startup":false,"extensionId":{"value":"ms-python.python","_lower":"ms-python.python"},"activationEvent":"onLanguage:python"}
[2019-12-03 10:23:21.814] [exthost] [info] ExtensionService#loadCommonJSModule file:///home/agepan/.vscode/extensions/ms-python.python-2019.11.50794/out/client/extension
[2019-12-03 10:23:22.084] [exthost] [info] ExtensionService#_doActivateExtension vscode.debug-auto-launch {"startup":true,"extensionId":{"value":"vscode.debug-auto-launch","_lower":"vscode.debug-auto-launch"},"activationEvent":"*"}
[2019-12-03 10:23:22.084] [exthost] [info] ExtensionService#loadCommonJSModule file:///usr/share/code/resources/app/extensions/debug-auto-launch/dist/extension
[2019-12-03 10:23:22.086] [exthost] [info] ExtensionService#_doActivateExtension vscode.emmet {"startup":true,"extensionId":{"value":"vscode.emmet","_lower":"vscode.emmet"},"activationEvent":"*"}
[2019-12-03 10:23:22.086] [exthost] [info] ExtensionService#loadCommonJSModule file:///usr/share/code/resources/app/extensions/emmet/dist/extension
[2019-12-03 10:23:22.097] [exthost] [info] ExtensionService#_doActivateExtension vscode.git {"startup":true,"extensionId":{"value":"vscode.git","_lower":"vscode.git"},"activationEvent":"*"}
[2019-12-03 10:23:22.097] [exthost] [info] ExtensionService#loadCommonJSModule file:///usr/share/code/resources/app/extensions/git/dist/main
[2019-12-03 10:23:22.150] [exthost] [info] ExtensionService#_doActivateExtension vscode.merge-conflict {"startup":true,"extensionId":{"value":"vscode.merge-conflict","_lower":"vscode.merge-conflict"},"activationEvent":"*"}
[2019-12-03 10:23:22.150] [exthost] [info] ExtensionService#loadCommonJSModule file:///usr/share/code/resources/app/extensions/merge-conflict/dist/extension
[2019-12-03 10:23:22.153] [exthost] [info] eager extensions activated
[2019-12-03 10:24:46.912] [exthost] [info] ExtensionService#_doActivateExtension vscode.html-language-features {"startup":false,"extensionId":{"value":"vscode.html-language-features","_lower":"vscode.html-language-features"},"activationEvent":"onLanguage:html"}
[2019-12-03 10:24:46.912] [exthost] [info] ExtensionService#loadCommonJSModule file:///usr/share/code/resources/app/extensions/html-language-features/client/dist/htmlMain
[2019-12-03 10:25:24.369] [exthost] [error] [ms-python.python] provider FAILED
[2019-12-03 10:25:24.369] [exthost] [error] TypeError: Cannot read property 'length' of null
	at t.ItemInfoSource.getSignature (/home/agepan/.vscode/extensions/ms-python.python-2019.11.50794/out/client/extension.js:1:586502)
	at /home/agepan/.vscode/extensions/ms-python.python-2019.11.50794/out/client/extension.js:1:585350
	at Array.forEach (<anonymous>)
	at t.ItemInfoSource.getItemInfoFromHoverResult (/home/agepan/.vscode/extensions/ms-python.python-2019.11.50794/out/client/extension.js:1:585325)
	at t.ItemInfoSource.getItemInfoFromText (/home/agepan/.vscode/extensions/ms-python.python-2019.11.50794/out/client/extension.js:1:584305)
	at async l.resolveCompletionItem (/home/agepan/.vscode/extensions/ms-python.python-2019.11.50794/out/client/extension.js:1:574950)
[2019-12-03 10:25:26.754] [exthost] [error] [ms-python.python] provider FAILED
[2019-12-03 10:25:26.754] [exthost] [error] TypeError: Cannot read property 'length' of null
	at t.ItemInfoSource.getSignature (/home/agepan/.vscode/extensions/ms-python.python-2019.11.50794/out/client/extension.js:1:586502)
	at /home/agepan/.vscode/extensions/ms-python.python-2019.11.50794/out/client/extension.js:1:585350
	at Array.forEach (<anonymous>)
	at t.ItemInfoSource.getItemInfoFromHoverResult (/home/agepan/.vscode/extensions/ms-python.python-2019.11.50794/out/client/extension.js:1:585325)
	at t.ItemInfoSource.getItemInfoFromText (/home/agepan/.vscode/extensions/ms-python.python-2019.11.50794/out/client/extension.js:1:584305)
	at async l.resolveCompletionItem (/home/agepan/.vscode/extensions/ms-python.python-2019.11.50794/out/client/extension.js:1:574950)
[2019-12-03 10:42:55.273] [exthost] [error] [ms-python.python] provider FAILED
[2019-12-03 10:42:55.273] [exthost] [error] TypeError: Cannot read property 'length' of null
	at t.ItemInfoSource.getSignature (/home/agepan/.vscode/extensions/ms-python.python-2019.11.50794/out/client/extension.js:1:586502)
	at /home/agepan/.vscode/extensions/ms-python.python-2019.11.50794/out/client/extension.js:1:585350
	at Array.forEach (<anonymous>)
	at t.ItemInfoSource.getItemInfoFromHoverResult (/home/agepan/.vscode/extensions/ms-python.python-2019.11.50794/out/client/extension.js:1:585325)
	at t.ItemInfoSource.getItemInfoFromDocument (/home/agepan/.vscode/extensions/ms-python.python-2019.11.50794/out/client/extension.js:1:584551)
	at async c.provideHover (/home/agepan/.vscode/extensions/ms-python.python-2019.11.50794/out/client/extension.js:1:588581)
[2019-12-03 10:42:55.781] [exthost] [error] [ms-python.python] provider FAILED
[2019-12-03 10:42:55.781] [exthost] [error] TypeError: Cannot read property 'length' of null
	at t.ItemInfoSource.getSignature (/home/agepan/.vscode/extensions/ms-python.python-2019.11.50794/out/client/extension.js:1:586502)
	at /home/agepan/.vscode/extensions/ms-python.python-2019.11.50794/out/client/extension.js:1:585350
	at Array.forEach (<anonymous>)
	at t.ItemInfoSource.getItemInfoFromHoverResult (/home/agepan/.vscode/extensions/ms-python.python-2019.11.50794/out/client/extension.js:1:585325)
	at t.ItemInfoSource.getItemInfoFromDocument (/home/agepan/.vscode/extensions/ms-python.python-2019.11.50794/out/client/extension.js:1:584551)
	at async c.provideHover (/home/agepan/.vscode/extensions/ms-python.python-2019.11.50794/out/client/extension.js:1:588581)
[2019-12-03 10:42:57.593] [exthost] [error] [ms-python.python] provider FAILED
[2019-12-03 10:42:57.593] [exthost] [error] TypeError: Cannot read property 'length' of null
	at t.ItemInfoSource.getSignature (/home/agepan/.vscode/extensions/ms-python.python-2019.11.50794/out/client/extension.js:1:586502)
	at /home/agepan/.vscode/extensions/ms-python.python-2019.11.50794/out/client/extension.js:1:585350
	at Array.forEach (<anonymous>)
	at t.ItemInfoSource.getItemInfoFromHoverResult (/home/agepan/.vscode/extensions/ms-python.python-2019.11.50794/out/client/extension.js:1:585325)
	at t.ItemInfoSource.getItemInfoFromText (/home/agepan/.vscode/extensions/ms-python.python-2019.11.50794/out/client/extension.js:1:584305)
	at async l.resolveCompletionItem (/home/agepan/.vscode/extensions/ms-python.python-2019.11.50794/out/client/extension.js:1:574950)
