次の場所で Git を検索しています: git
git から Git 2.17.1 を使用しています
> git rev-parse --show-toplevel
> git rev-parse --git-dir
Open repository: /home/agepan
> git status -z -u
> git symbolic-ref --short HEAD
> git rev-parse master
> git rev-parse --symbolic-full-name master@{u}
> git rev-list --left-right master...refs/remotes/origin/master
> git for-each-ref --format %(refname) %(objectname) --sort -committerdate
> git remote --verbose
> git config --get commit.template
> git show :Documents/MIT/Seminar/README.md
> git ls-files --stage -- Documents/MIT/Seminar/
> git check-ignore -v -z --stdin
> git show :Documents/AtCoder/AtCoderBeginnerContest145/C.py
> git check-ignore -v -z --stdin
> git status -z -u
> git show :Documents/MIT/Seminar/README.md
> git show :Documents/AtCoder/AtCoderBeginnerContest145/C.py
> git ls-files --stage -- Documents/MIT/Seminar/
> git symbolic-ref --short HEAD
> git rev-parse master
> git rev-parse --symbolic-full-name master@{u}
> git rev-list --left-right master...refs/remotes/origin/master
> git for-each-ref --format %(refname) %(objectname) --sort -committerdate
> git remote --verbose
> git config --get commit.template
> git status -z -u
> git show :Documents/MIT/Seminar/README.md
> git show :Documents/AtCoder/AtCoderBeginnerContest145/C.py
> git ls-files --stage -- Documents/MIT/Seminar/
> git symbolic-ref --short HEAD
> git rev-parse master
> git rev-parse --symbolic-full-name master@{u}
> git rev-list --left-right master...refs/remotes/origin/master
> git for-each-ref --format %(refname) %(objectname) --sort -committerdate
> git remote --verbose
> git config --get commit.template
> git check-ignore -v -z --stdin
