[2019-11-29 20:05:12.514] [renderer1] [error] Cannot read property 'length' of null: TypeError: Cannot read property 'length' of null
	at t.ItemInfoSource.getSignature (/home/agepan/.vscode/extensions/ms-python.python-2019.11.50794/out/client/extension.js:1:586502)
	at /home/agepan/.vscode/extensions/ms-python.python-2019.11.50794/out/client/extension.js:1:585350
	at Array.forEach (<anonymous>)
	at t.ItemInfoSource.getItemInfoFromHoverResult (/home/agepan/.vscode/extensions/ms-python.python-2019.11.50794/out/client/extension.js:1:585325)
	at t.ItemInfoSource.getItemInfoFromDocument (/home/agepan/.vscode/extensions/ms-python.python-2019.11.50794/out/client/extension.js:1:584551)
	at async c.provideHover (/home/agepan/.vscode/extensions/ms-python.python-2019.11.50794/out/client/extension.js:1:588581)
[2019-11-29 20:05:13.854] [renderer1] [error] Cannot read property 'length' of null: TypeError: Cannot read property 'length' of null
	at t.ItemInfoSource.getSignature (/home/agepan/.vscode/extensions/ms-python.python-2019.11.50794/out/client/extension.js:1:586502)
	at /home/agepan/.vscode/extensions/ms-python.python-2019.11.50794/out/client/extension.js:1:585350
	at Array.forEach (<anonymous>)
	at t.ItemInfoSource.getItemInfoFromHoverResult (/home/agepan/.vscode/extensions/ms-python.python-2019.11.50794/out/client/extension.js:1:585325)
	at t.ItemInfoSource.getItemInfoFromDocument (/home/agepan/.vscode/extensions/ms-python.python-2019.11.50794/out/client/extension.js:1:584551)
	at async c.provideHover (/home/agepan/.vscode/extensions/ms-python.python-2019.11.50794/out/client/extension.js:1:588581)
[2019-11-29 20:05:23.034] [renderer1] [error] Cannot read property 'length' of null: TypeError: Cannot read property 'length' of null
	at t.ItemInfoSource.getSignature (/home/agepan/.vscode/extensions/ms-python.python-2019.11.50794/out/client/extension.js:1:586502)
	at /home/agepan/.vscode/extensions/ms-python.python-2019.11.50794/out/client/extension.js:1:585350
	at Array.forEach (<anonymous>)
	at t.ItemInfoSource.getItemInfoFromHoverResult (/home/agepan/.vscode/extensions/ms-python.python-2019.11.50794/out/client/extension.js:1:585325)
	at t.ItemInfoSource.getItemInfoFromDocument (/home/agepan/.vscode/extensions/ms-python.python-2019.11.50794/out/client/extension.js:1:584551)
	at async c.provideHover (/home/agepan/.vscode/extensions/ms-python.python-2019.11.50794/out/client/extension.js:1:588581)
[2019-11-29 20:05:24.036] [renderer1] [error] Cannot read property 'length' of null: TypeError: Cannot read property 'length' of null
	at t.ItemInfoSource.getSignature (/home/agepan/.vscode/extensions/ms-python.python-2019.11.50794/out/client/extension.js:1:586502)
	at /home/agepan/.vscode/extensions/ms-python.python-2019.11.50794/out/client/extension.js:1:585350
	at Array.forEach (<anonymous>)
	at t.ItemInfoSource.getItemInfoFromHoverResult (/home/agepan/.vscode/extensions/ms-python.python-2019.11.50794/out/client/extension.js:1:585325)
	at t.ItemInfoSource.getItemInfoFromDocument (/home/agepan/.vscode/extensions/ms-python.python-2019.11.50794/out/client/extension.js:1:584551)
	at async c.provideHover (/home/agepan/.vscode/extensions/ms-python.python-2019.11.50794/out/client/extension.js:1:588581)
